#
# A fatal error has been detected by the Java Runtime Environment:
#
#  EXCEPTION_ACCESS_VIOLATION (0xc0000005) at pc=0x0000000002b930e2, pid=5008, tid=0x0000000000000f4c
#
# JRE version: Java(TM) SE Runtime Environment (8.0_101-b13) (build 1.8.0_101-b13)
# Java VM: Java HotSpot(TM) 64-Bit Server VM (25.101-b13 mixed mode windows-amd64 compressed oops)
# Problematic frame:
# J 93 C2 java.lang.String.indexOf(II)I (70 bytes) @ 0x0000000002b930e2 [0x0000000002b92fe0+0x102]
#
# Failed to write core dump. Minidumps are not enabled by default on client versions of Windows
#
# If you would like to submit a bug report, please visit:
#   http://bugreport.java.com/bugreport/crash.jsp
#

---------------  T H R E A D  ---------------

Current thread (0x000000000238d800):  JavaThread "main" [_thread_in_Java, id=3916, stack(0x0000000002690000,0x0000000002790000)]

siginfo: ExceptionCode=0xc0000005, reading address 0xffffffffffffffff

Registers:
RAX=0x00000000ffffffff, RBX=0x0000000000000063, RCX=0x0000000000000029, RDX=0x000000000000007d
RSP=0x000000000278b790, RBP=0x0000000000000080, RSI=0x000000005498e438, RDI=0x0000000000000028
R8 =0x0000000000000029, R9 =0x000000000000006d, R10=0x000000000000003b, R11=0x00000000eb4f8c18
R12=0x0000000000000000, R13=0x000000000278b820, R14=0x000000000278b8a8, R15=0x000000000238d800
RIP=0x0000000002b930e2, EFLAGS=0x0000000000010246

Top of Stack: (sp=0x000000000278b790)
0x000000000278b790:   000000000278b888 0000000002b89ba4
0x000000000278b7a0:   000000000278b818 0000000002a680c0
0x000000000278b7b0:   000000000278b818 0000000002a680c0
0x000000000278b7c0:   000000000278b870 0000000002b7397c
0x000000000278b7d0:   00000000eb50e2a0 000000000278b7d8
0x000000000278b7e0:   0000000054a0122a 000000000278b840
0x000000000278b7f0:   0000000054a020b8 0000000000000000
0x000000000278b800:   000000000278b870 0000000002a67d80
0x000000000278b810:   000000000278b880 0000000002a67d80
0x000000000278b820:   0000000000000029 00000000eb4f8c00
0x000000000278b830:   000000000278b830 0000000054a149cd
0x000000000278b840:   000000000278b8a8 0000000054a15fa8
0x000000000278b850:   0000000054a3a2c0 0000000054a14b60
0x000000000278b860:   000000000278b820 000000000278b8a0
0x000000000278b870:   000000000278b8f0 0000000002a67d80
0x000000000278b880:   0000000000000000 0000000000000000 

Instructions: (pc=0x0000000002b930e2)
0x0000000002b930c2:   b7 54 4b 10 45 3b d0 74 17 41 ff c1 44 3b cd 7c
0x0000000002b930d2:   ed eb 10 41 83 c1 02 41 ff c1 eb 04 41 83 c1 02
0x0000000002b930e2:   41 8b c1 48 83 c4 30 5d 85 05 10 cf 68 fd c3 ba
0x0000000002b930f2:   86 ff ff ff 44 89 04 24 44 89 5c 24 04 44 89 4c 


Register to memory mapping:

RAX=0x00000000ffffffff is an unallocated location in the heap
RBX=0x0000000000000063 is an unknown value
RCX=0x0000000000000029 is an unknown value
RDX=0x000000000000007d is an unknown value
RSP=0x000000000278b790 is pointing into the stack for thread: 0x000000000238d800
RBP=0x0000000000000080 is an unknown value
RSI=0x000000005498e438 is pointing into metadata
RDI=0x0000000000000028 is an unknown value
R8 =0x0000000000000029 is an unknown value
R9 =0x000000000000006d is an unknown value
R10=0x000000000000003b is an unknown value
R11=0x00000000eb4f8c18 is an oop
[C 
 - klass: {type array char}
 - length: 128
R12=0x0000000000000000 is an unknown value
R13=0x000000000278b820 is pointing into the stack for thread: 0x000000000238d800
R14=0x000000000278b8a8 is pointing into the stack for thread: 0x000000000238d800
R15=0x000000000238d800 is a thread


Stack: [0x0000000002690000,0x0000000002790000],  sp=0x000000000278b790,  free space=1005k
Native frames: (J=compiled Java code, j=interpreted, Vv=VM code, C=native code)
C  0x0000000002b930e2


---------------  P R O C E S S  ---------------

Java Threads: ( => current thread )
  0x00000000568f1800 JavaThread "Service Thread" daemon [_thread_blocked, id=3112, stack(0x0000000056f90000,0x0000000057090000)]
  0x0000000056889000 JavaThread "C1 CompilerThread2" daemon [_thread_blocked, id=7788, stack(0x0000000056e40000,0x0000000056f40000)]
  0x0000000056880800 JavaThread "C2 CompilerThread1" daemon [_thread_blocked, id=8780, stack(0x0000000056d30000,0x0000000056e30000)]
  0x000000005515a800 JavaThread "C2 CompilerThread0" daemon [_thread_blocked, id=7976, stack(0x0000000056780000,0x0000000056880000)]
  0x0000000055158800 JavaThread "Attach Listener" daemon [_thread_blocked, id=2364, stack(0x0000000056640000,0x0000000056740000)]
  0x0000000055155800 JavaThread "Signal Dispatcher" daemon [_thread_blocked, id=7304, stack(0x0000000056400000,0x0000000056500000)]
  0x000000005513c000 JavaThread "Finalizer" daemon [_thread_blocked, id=8564, stack(0x0000000056520000,0x0000000056620000)]
  0x00000000550f5000 JavaThread "Reference Handler" daemon [_thread_blocked, id=7868, stack(0x00000000562f0000,0x00000000563f0000)]
=>0x000000000238d800 JavaThread "main" [_thread_in_Java, id=3916, stack(0x0000000002690000,0x0000000002790000)]

Other Threads:
  0x00000000550ee000 VMThread [stack: 0x0000000056120000,0x0000000056220000] [id=7244]
  0x0000000056913800 WatcherThread [stack: 0x0000000057200000,0x0000000057300000] [id=5264]

VM state:not at safepoint (normal execution)

VM Mutex/Monitor currently owned by a thread: None

Heap:
 PSYoungGen      total 18944K, used 1641K [0x00000000eb380000, 0x00000000ec880000, 0x0000000100000000)
  eden space 16384K, 10% used [0x00000000eb380000,0x00000000eb51a638,0x00000000ec380000)
  from space 2560K, 0% used [0x00000000ec600000,0x00000000ec600000,0x00000000ec880000)
  to   space 2560K, 0% used [0x00000000ec380000,0x00000000ec380000,0x00000000ec600000)
 ParOldGen       total 44032K, used 0K [0x00000000c1a00000, 0x00000000c4500000, 0x00000000eb380000)
  object space 44032K, 0% used [0x00000000c1a00000,0x00000000c1a00000,0x00000000c4500000)
 Metaspace       used 3390K, capacity 4648K, committed 4864K, reserved 1056768K
  class space    used 380K, capacity 430K, committed 512K, reserved 1048576K

Card table byte_map: [0x0000000011e20000,0x0000000012020000] byte_map_base: 0x0000000011813000

Marking Bits: (ParMarkBitMap*) 0x000000005f6ea6d0
 Begin Bits: [0x0000000012630000, 0x00000000135c8000)
 End Bits:   [0x00000000135c8000, 0x0000000014560000)

Polling page: 0x0000000000220000

CodeCache: size=245760Kb used=1352Kb max_used=1352Kb free=244407Kb
 bounds [0x0000000002a60000, 0x0000000002cd0000, 0x0000000011a60000]
 total_blobs=406 nmethods=156 adapters=163
 compilation: enabled

Compilation events (10 events):
Event: 0.371 Thread 0x0000000056889000  147       1       java.lang.invoke.LambdaForm$BasicType::access$100 (5 bytes)
Event: 0.371 Thread 0x0000000056889000 nmethod 147 0x0000000002ba3e10 code [0x0000000002ba3f60, 0x0000000002ba4050]
Event: 0.371 Thread 0x0000000056889000  148       1       java.lang.invoke.LambdaForm$BasicType::basicTypeClass (5 bytes)
Event: 0.372 Thread 0x0000000056889000 nmethod 148 0x0000000002ba40d0 code [0x0000000002ba4220, 0x0000000002ba4330]
Event: 0.372 Thread 0x0000000056889000  149       3       jdk.internal.org.objectweb.asm.Frame::execute (2252 bytes)
Event: 0.388 Thread 0x0000000056889000 nmethod 149 0x0000000002ba4d50 code [0x0000000002ba5aa0, 0x0000000002baaf08]
Event: 0.388 Thread 0x0000000056889000  152       3       sun.invoke.util.VerifyAccess::isSamePackage (114 bytes)
Event: 0.392 Thread 0x0000000056889000 nmethod 152 0x0000000002bae050 code [0x0000000002bae3a0, 0x0000000002bb0498]
Event: 0.392 Thread 0x0000000056889000  156   !   3       java.util.AbstractList$Itr::next (45 bytes)
Event: 0.393 Thread 0x0000000056889000 nmethod 156 0x0000000002bb1710 code [0x0000000002bb18e0, 0x0000000002bb1ed8]

GC Heap History (0 events):
No events

Deoptimization events (0 events):
No events

Internal exceptions (2 events):
Event: 0.074 Thread 0x000000000238d800 Exception <a 'java/lang/NoSuchMethodError': Method sun.misc.Unsafe.defineClass(Ljava/lang/String;[BII)Ljava/lang/Class; name or signature does not match> (0x00000000eb387cc0) thrown at [C:\re\workspace\8-2-build-windows-amd64-cygwin\jdk8u101\7261\hotspot\sÑiµ³?
Event: 0.075 Thread 0x000000000238d800 Exception <a 'java/lang/NoSuchMethodError': Method sun.misc.Unsafe.prefetchRead(Ljava/lang/Object;J)V name or signature does not match> (0x00000000eb387fa8) thrown at [C:\re\workspace\8-2-build-windows-amd64-cygwin\jdk8u101\7261\hotspot\src\share\vm\prims\

Events (10 events):
Event: 0.338 loading class java/lang/invoke/MethodHandleImpl$AsVarargsCollector
Event: 0.338 loading class java/lang/invoke/DelegatingMethodHandle
Event: 0.338 loading class java/lang/invoke/DelegatingMethodHandle done
Event: 0.338 loading class java/lang/invoke/MethodHandleImpl$AsVarargsCollector done
Event: 0.342 loading class java/lang/invoke/WrongMethodTypeException
Event: 0.342 loading class java/lang/invoke/WrongMethodTypeException done
Event: 0.348 loading class java/lang/invoke/MethodHandleImpl$Lazy
Event: 0.349 loading class java/lang/invoke/MethodHandleImpl$Lazy done
Event: 0.349 loading class java/lang/invoke/MethodHandleImpl$IntrinsicMethodHandle
Event: 0.349 loading class java/lang/invoke/MethodHandleImpl$IntrinsicMethodHandle done


Dynamic libraries:
0x000000013f3c0000 - 0x000000013f3f7000 	C:\Program Files\Java\jre1.8.0_101\bin\javaw.exe
0x00000000773e0000 - 0x0000000077589000 	C:\Windows\SYSTEM32\ntdll.dll
0x00000000772c0000 - 0x00000000773df000 	C:\Windows\system32\kernel32.dll
0x000007fefd5b0000 - 0x000007fefd61b000 	C:\Windows\system32\KERNELBASE.dll
0x000007feff130000 - 0x000007feff20b000 	C:\Windows\system32\ADVAPI32.dll
0x000007feff630000 - 0x000007feff6cf000 	C:\Windows\system32\msvcrt.dll
0x000007feff4c0000 - 0x000007feff4df000 	C:\Windows\SYSTEM32\sechost.dll
0x000007feff4f0000 - 0x000007feff61d000 	C:\Windows\system32\RPCRT4.dll
0x00000000771c0000 - 0x00000000772ba000 	C:\Windows\system32\USER32.dll
0x000007feff400000 - 0x000007feff467000 	C:\Windows\system32\GDI32.dll
0x000007feff4e0000 - 0x000007feff4ee000 	C:\Windows\system32\LPK.dll
0x000007fefebe0000 - 0x000007fefeca9000 	C:\Windows\system32\USP10.dll
0x000007fefbdd0000 - 0x000007fefbfc4000 	C:\Windows\WinSxS\amd64_microsoft.windows.common-controls_6595b64144ccf1df_6.0.7601.17514_none_fa396087175ac9ac\COMCTL32.dll
0x000007fefed30000 - 0x000007fefeda1000 	C:\Windows\system32\SHLWAPI.dll
0x000007fefedb0000 - 0x000007fefedde000 	C:\Windows\system32\IMM32.DLL
0x000007feff2f0000 - 0x000007feff3f9000 	C:\Windows\system32\MSCTF.dll
0x000000005ff30000 - 0x0000000060002000 	C:\Program Files\Java\jre1.8.0_101\bin\msvcr100.dll
0x000000005eed0000 - 0x000000005f76a000 	C:\Program Files\Java\jre1.8.0_101\bin\server\jvm.dll
0x000007feece90000 - 0x000007feece99000 	C:\Windows\system32\WSOCK32.dll
0x000007feff470000 - 0x000007feff4bd000 	C:\Windows\system32\WS2_32.dll
0x000007feff620000 - 0x000007feff628000 	C:\Windows\system32\NSI.dll
0x000007fefaee0000 - 0x000007fefaf1b000 	C:\Windows\system32\WINMM.dll
0x000007fefc490000 - 0x000007fefc49c000 	C:\Windows\system32\VERSION.dll
0x00000000775b0000 - 0x00000000775b7000 	C:\Windows\system32\PSAPI.DLL
0x00000000639e0000 - 0x00000000639ef000 	C:\Program Files\Java\jre1.8.0_101\bin\verify.dll
0x000000005ff00000 - 0x000000005ff29000 	C:\Program Files\Java\jre1.8.0_101\bin\java.dll
0x0000000060810000 - 0x0000000060826000 	C:\Program Files\Java\jre1.8.0_101\bin\zip.dll
0x000007fefde50000 - 0x000007fefebd8000 	C:\Windows\system32\SHELL32.dll
0x000007fefd940000 - 0x000007fefdb43000 	C:\Windows\system32\ole32.dll
0x000007fefd330000 - 0x000007fefd33f000 	C:\Windows\system32\profapi.dll
0x000007fef9140000 - 0x000007fef9265000 	C:\Windows\system32\dbghelp.dll

VM Arguments:
jvm_args: -Dfile.encoding=Cp1252 
java_command: application.Main
java_class_path (initial): G:\eclipseprogs\workspace\AlgoSimulator\bin;C:\Users\Dipon\Desktop\eclipse\plugins\org.eclipse.fx.ide.css.jfx8_1.2.0.201501301049.jar
Launcher Type: SUN_STANDARD

Environment Variables:
PATH=C:/Program Files/Java/jre1.8.0_101/bin/server;C:/Program Files/Java/jre1.8.0_101/bin;C:/Program Files/Java/jre1.8.0_101/lib/amd64;C:\ProgramData\Oracle\Java\javapath;C:\Program Files (x86)\Common Files\ArcSoft\Bin;C:\Windows\system32;C:\Windows;C:\Windows\System32\Wbem;C:\Windows\System32\WindowsPowerShell\v1.0\;C:\Program Files (x86)\Skype\Phone\;C:\Program Files (x86)\CodeBlocks\MinGW\bin;C:\Program Files\Java\jdk1.8.0_101\bin;C:\Program Files\Java\jre1.8.0_101\bin;C:\Users\Dipon\Desktop\eclipse;
USERNAME=Dipon
OS=Windows_NT
PROCESSOR_IDENTIFIER=Intel64 Family 6 Model 61 Stepping 4, GenuineIntel



---------------  S Y S T E M  ---------------

OS: Windows 7 , 64 bit Build 7601 (6.1.7601.17514)

CPU:total 4 (2 cores per cpu, 2 threads per core) family 6 model 61 stepping 4, cmov, cx8, fxsr, mmx, sse, sse2, sse3, ssse3, sse4.1, sse4.2, popcnt, avx, avx2, aes, clmul, erms, 3dnowpref, lzcnt, ht, tsc, tscinvbit, bmi1, bmi2, adx

Memory: 4k page, physical 4082800k(1263568k free), swap 8163756k(2441616k free)

vm_info: Java HotSpot(TM) 64-Bit Server VM (25.101-b13) for windows-amd64 JRE (1.8.0_101-b13), built on Jun 22 2016 01:21:29 by "java_re" with MS VC++ 10.0 (VS2010)

time: Sun Dec 11 11:12:28 2016
elapsed time: 0 seconds (0d 0h 0m 0s)

